Using pre-set license
Built from '2020.3/staging' branch; Version is '2020.3.25f1 (9b9180224418) revision 10195328'; Using compiler version '192528614'; Build Type 'Release'
OS: 'Windows 10  (10.0.19043) 64bit Professional' Language: 'zh' Physical Memory: 3995 MB
BatchMode: 1, IsHumanControllingUs: 0, StartBugReporterOnCrash: 0, Is64bit: 1, IsPro: 0

COMMAND LINE ARGUMENTS:
C:\Program Files\Unity\Hub\Editor\2020.3.25f1\Editor\Unity.exe
-adb2
-batchMode
-noUpm
-name
AssetImportWorker5
-projectPath
C:/Jones/2D_Go_RunningGame_2021/2D_RunningGame_2021
-logFile
Logs/AssetImportWorker5.log
-srvPort
52421
Successfully changed project path to: C:/Jones/2D_Go_RunningGame_2021/2D_RunningGame_2021
C:/Jones/2D_Go_RunningGame_2021/2D_RunningGame_2021
Using Asset Import Pipeline V2.
Refreshing native plugins compatible for Editor in 309.95 ms, found 3 plugins.
Preloading 0 native plugins for Editor in 0.00 ms.
Initialize engine version: 2020.3.25f1 (9b9180224418)
[Subsystems] Discovering subsystems at path C:/Program Files/Unity/Hub/Editor/2020.3.25f1/Editor/Data/Resources/UnitySubsystems
[Subsystems] Discovering subsystems at path C:/Jones/2D_Go_RunningGame_2021/2D_RunningGame_2021/Assets
GfxDevice: creating device client; threaded=0
Direct3D:
    Version:  Direct3D 11.0 [level 10.0]
    Renderer: Intel(R) G41 Express Chipset (Microsoft Corporation - WDDM 1.1) (ID=0x2e32)
    Vendor:   
    VRAM:     128 MB
    Driver:   8.15.10.2702
Initialize mono
Mono path[0] = 'C:/Program Files/Unity/Hub/Editor/2020.3.25f1/Editor/Data/Managed'
Mono path[1] = 'C:/Program Files/Unity/Hub/Editor/2020.3.25f1/Editor/Data/MonoBleedingEdge/lib/mono/unityjit'
Mono config path = 'C:/Program Files/Unity/Hub/Editor/2020.3.25f1/Editor/Data/MonoBleedingEdge/etc'
Using monoOptions --debugger-agent=transport=dt_socket,embedding=1,server=y,suspend=n,address=127.0.0.1:56940
Begin MonoManager ReloadAssembly
Registering precompiled unity dll's ...
Register platform support module: C:/Program Files/Unity/Hub/Editor/2020.3.25f1/Editor/Data/PlaybackEngines/WindowsStandaloneSupport/UnityEditor.WindowsStandalone.Extensions.dll
Registered in 0.006644 seconds.
Native extension for WindowsStandalone target not found
Refreshing native plugins compatible for Editor in 114.87 ms, found 3 plugins.
Preloading 0 native plugins for Editor in 0.00 ms.
Mono: successfully reloaded assembly
- Completed reload, in  2.002 seconds
Domain Reload Profiling:
	ReloadAssembly (2003ms)
		BeginReloadAssembly (189ms)
			ExecutionOrderSort (0ms)
			DisableScriptedObjects (0ms)
			BackupInstance (0ms)
			ReleaseScriptingObjects (0ms)
			CreateAndSetChildDomain (2ms)
		EndReloadAssembly (1592ms)
			LoadAssemblies (182ms)
			RebuildTransferFunctionScriptingTraits (1ms)
			SetupTypeCache (593ms)
			ReleaseScriptCaches (0ms)
			RebuildScriptCaches (97ms)
			SetupLoadedEditorAssemblies (538ms)
				LogAssemblyErrors (0ms)
				InitializePlatformSupportModulesInManaged (13ms)
				SetLoadedEditorAssemblies (1ms)
				RefreshPlugins (115ms)
				BeforeProcessingInitializeOnLoad (50ms)
				ProcessInitializeOnLoadAttributes (253ms)
				ProcessInitializeOnLoadMethodAttributes (106ms)
				AfterProcessingInitializeOnLoad (0ms)
				EditorAssembliesLoaded (1ms)
			ExecutionOrderSort2 (0ms)
			AwakeInstancesAfterBackupRestoration (0ms)
Platform modules already initialized, skipping
Registering precompiled user dll's ...
Registered in 0.017690 seconds.
Begin MonoManager ReloadAssembly
Native extension for WindowsStandalone target not found
Refreshing native plugins compatible for Editor in 127.88 ms, found 3 plugins.
Preloading 0 native plugins for Editor in 0.00 ms.
Mono: successfully reloaded assembly
- Completed reload, in  4.171 seconds
Domain Reload Profiling:
	ReloadAssembly (4207ms)
		BeginReloadAssembly (456ms)
			ExecutionOrderSort (0ms)
			DisableScriptedObjects (16ms)
			BackupInstance (0ms)
			ReleaseScriptingObjects (0ms)
			CreateAndSetChildDomain (50ms)
		EndReloadAssembly (3565ms)
			LoadAssemblies (524ms)
			RebuildTransferFunctionScriptingTraits (0ms)
			SetupTypeCache (1033ms)
			ReleaseScriptCaches (1ms)
			RebuildScriptCaches (172ms)
			SetupLoadedEditorAssemblies (1417ms)
				LogAssemblyErrors (0ms)
				InitializePlatformSupportModulesInManaged (12ms)
				SetLoadedEditorAssemblies (1ms)
				RefreshPlugins (128ms)
				BeforeProcessingInitializeOnLoad (354ms)
				ProcessInitializeOnLoadAttributes (697ms)
				ProcessInitializeOnLoadMethodAttributes (196ms)
				AfterProcessingInitializeOnLoad (29ms)
				EditorAssembliesLoaded (0ms)
			ExecutionOrderSort2 (0ms)
			AwakeInstancesAfterBackupRestoration (22ms)
Platform modules already initialized, skipping
========================================================================
Worker process is ready to serve import requests
Launched and connected shader compiler UnityShaderCompiler.exe after 0.51 seconds
Refreshing native plugins compatible for Editor in 2.08 ms, found 3 plugins.
Preloading 0 native plugins for Editor in 0.00 ms.
Unloading 2194 Unused Serialized files (Serialized files now loaded: 0)
System memory in use before: 95.9 MB.
System memory in use after: 96.0 MB.

Unloading 28 unused Assets to reduce memory usage. Loaded Objects now: 2627.
Total: 25.901500 ms (FindLiveObjects: 1.842500 ms CreateObjectMapping: 0.412100 ms MarkObjects: 23.294900 ms  DeleteObjects: 0.344800 ms)

AssetImportParameters requested are different than current active one (requested -> active):
  custom:framework-win-MediaFoundation: 216162199b28c13a410421893ffa2e32 -> 
  custom:video-decoder-ogg-theora: a1e56fd34408186e4bbccfd4996cb3dc -> 
  custom:container-muxer-webm: aa71ff27fc2769a1b78a27578f13a17b -> 
  custom:container-demuxer-webm: 4f35f7cbe854078d1ac9338744f61a02 -> 
  custom:container-demuxer-ogg: 62fdf1f143b41e24485cea50d1cbac27 -> 
  custom:video-encoder-webm-vp8: eb34c28f22e8b96e1ab97ce403110664 -> 
  custom:video-decoder-webm-vp8: 9c59270c3fd7afecdb556c50c9e8de78 -> 
  custom:audio-decoder-ogg-vorbis: bf7c407c2cedff20999df2af8eb42d56 -> 
  custom:audio-encoder-webm-vorbis: bf7c407c2cedff20999df2af8eb42d56 -> 
========================================================================
Received Import Request.
  path: Assets/場景素材/Tiles/Tile (3).png
  artifactKey: Guid(aa2c5c8336051b04b9076269b9bfb876) Importer(815301076,1909f56bfc062723c751e8b465ee728b)
Start importing Assets/場景素材/Tiles/Tile (3).png using Guid(aa2c5c8336051b04b9076269b9bfb876) Importer(815301076,1909f56bfc062723c751e8b465ee728b)  -> (artifact id: '003814743d5d524636ea778bc15f4650') in 0.878480 seconds 
  Import took 0.919379 seconds .

========================================================================
Received Import Request.
  Time since last request: 0.000709 seconds.
  path: Assets/場景素材/Tiles/Tile (7).png
  artifactKey: Guid(468101932f5193a46a1980906e084026) Importer(815301076,1909f56bfc062723c751e8b465ee728b)
Start importing Assets/場景素材/Tiles/Tile (7).png using Guid(468101932f5193a46a1980906e084026) Importer(815301076,1909f56bfc062723c751e8b465ee728b)  -> (artifact id: '21efc5aef1ff31db6ae54d137e402fd1') in 0.344455 seconds 
  Import took 0.425491 seconds .

========================================================================
Received Import Request.
  Time since last request: 0.000529 seconds.
  path: Assets/場景素材/Tiles/Tile (14).png
  artifactKey: Guid(eaee847d6945e9c4d89b383370f635e0) Importer(815301076,1909f56bfc062723c751e8b465ee728b)
Start importing Assets/場景素材/Tiles/Tile (14).png using Guid(eaee847d6945e9c4d89b383370f635e0) Importer(815301076,1909f56bfc062723c751e8b465ee728b)  -> (artifact id: '7e1f3d82c84c744f66337e05cd4f043e') in 0.199860 seconds 
  Import took 0.254283 seconds .

========================================================================
Received Import Request.
  Time since last request: 0.000521 seconds.
  path: Assets/場景素材/Tiles/Tile (10).png
  artifactKey: Guid(e3e3efb8034c1dc4fa98e9ef56673a97) Importer(815301076,1909f56bfc062723c751e8b465ee728b)
Start importing Assets/場景素材/Tiles/Tile (10).png using Guid(e3e3efb8034c1dc4fa98e9ef56673a97) Importer(815301076,1909f56bfc062723c751e8b465ee728b)  -> (artifact id: '15343cd6792d3de95f16208e15b82003') in 0.266064 seconds 
  Import took 0.294672 seconds .

========================================================================
Received Import Request.
  Time since last request: 0.000552 seconds.
  path: Assets/場景素材/Tiles/Tile (4).png
  artifactKey: Guid(35a56f858a119f14e8aeca5e4f25f9c5) Importer(815301076,1909f56bfc062723c751e8b465ee728b)
Start importing Assets/場景素材/Tiles/Tile (4).png using Guid(35a56f858a119f14e8aeca5e4f25f9c5) Importer(815301076,1909f56bfc062723c751e8b465ee728b)  -> (artifact id: '3a50b6159365ced372031882183b69ca') in 0.222041 seconds 
  Import took 0.271442 seconds .

========================================================================
Received Import Request.
  Time since last request: 0.000504 seconds.
  path: Assets/場景素材/Tiles/Tile (13).png
  artifactKey: Guid(1685337346e839f46b01c3d0d7827d6e) Importer(815301076,1909f56bfc062723c751e8b465ee728b)
Start importing Assets/場景素材/Tiles/Tile (13).png using Guid(1685337346e839f46b01c3d0d7827d6e) Importer(815301076,1909f56bfc062723c751e8b465ee728b)  -> (artifact id: 'a85fb873e22504fb492165b97218b145') in 0.243588 seconds 
  Import took 0.327089 seconds .

========================================================================
Received Import Request.
  Time since last request: 0.000596 seconds.
  path: Assets/場景素材/Tiles/Tile (8).png
  artifactKey: Guid(ac65a1b78e21ef24cb45c5e8918ed357) Importer(815301076,1909f56bfc062723c751e8b465ee728b)
Start importing Assets/場景素材/Tiles/Tile (8).png using Guid(ac65a1b78e21ef24cb45c5e8918ed357) Importer(815301076,1909f56bfc062723c751e8b465ee728b)  -> (artifact id: 'cf1c45160a4ded4a4b32040b834684dd') in 0.189410 seconds 
  Import took 0.216287 seconds .

========================================================================
Received Import Request.
  Time since last request: 0.000583 seconds.
  path: Assets/場景素材/Tiles/Tile (2).png
  artifactKey: Guid(e9c6195734860394e8c9f773b56f088c) Importer(815301076,1909f56bfc062723c751e8b465ee728b)
Start importing Assets/場景素材/Tiles/Tile (2).png using Guid(e9c6195734860394e8c9f773b56f088c) Importer(815301076,1909f56bfc062723c751e8b465ee728b)  -> (artifact id: '7901a2498553d8c8a604faa7ccf3b344') in 0.215974 seconds 
  Import took 0.245840 seconds .

========================================================================
Received Import Request.
  Time since last request: 0.000685 seconds.
  path: Assets/場景素材/Tiles/Tile (11).png
  artifactKey: Guid(cec4a59d208935044bfc77f863b3253f) Importer(815301076,1909f56bfc062723c751e8b465ee728b)
Start importing Assets/場景素材/Tiles/Tile (11).png using Guid(cec4a59d208935044bfc77f863b3253f) Importer(815301076,1909f56bfc062723c751e8b465ee728b)  -> (artifact id: 'f85970bd67a363075d761b5f8d3a5581') in 0.265483 seconds 
  Import took 0.299835 seconds .

========================================================================
Received Import Request.
  Time since last request: 0.000989 seconds.
  path: Assets/場景素材/Tiles/Tile (6).png
  artifactKey: Guid(8d8c150a50acdef41a04d399b9580203) Importer(815301076,1909f56bfc062723c751e8b465ee728b)
Start importing Assets/場景素材/Tiles/Tile (6).png using Guid(8d8c150a50acdef41a04d399b9580203) Importer(815301076,1909f56bfc062723c751e8b465ee728b)  -> (artifact id: 'f0c7c1337a58b1137d56cb055fa9fbce') in 0.245799 seconds 
  Import took 0.310244 seconds .

========================================================================
Received Import Request.
  Time since last request: 0.000554 seconds.
  path: Assets/場景素材/Tiles/Tile (15).png
  artifactKey: Guid(bc438b1f3cf898849a1d962774e5f73f) Importer(815301076,1909f56bfc062723c751e8b465ee728b)
Start importing Assets/場景素材/Tiles/Tile (15).png using Guid(bc438b1f3cf898849a1d962774e5f73f) Importer(815301076,1909f56bfc062723c751e8b465ee728b)  -> (artifact id: 'c370a825afc5f8e8568e0af68ba86fdf') in 0.335000 seconds 
  Import took 0.369701 seconds .

========================================================================
Received Import Request.
  Time since last request: 0.000484 seconds.
  path: Assets/場景素材/Tiles/Tile (9).png
  artifactKey: Guid(21fd4429fb26b3146b82f76d98b2ea8c) Importer(815301076,1909f56bfc062723c751e8b465ee728b)
Start importing Assets/場景素材/Tiles/Tile (9).png using Guid(21fd4429fb26b3146b82f76d98b2ea8c) Importer(815301076,1909f56bfc062723c751e8b465ee728b)  -> (artifact id: '68e24d66c364cacfbc7d9553482df107') in 0.274147 seconds 
  Import took 0.306042 seconds .

========================================================================
Received Import Request.
  Time since last request: 0.000555 seconds.
  path: Assets/場景素材/Tiles/Tile (5).png
  artifactKey: Guid(68b480d1edacac44a8aa41aa49dc6310) Importer(815301076,1909f56bfc062723c751e8b465ee728b)
Start importing Assets/場景素材/Tiles/Tile (5).png using Guid(68b480d1edacac44a8aa41aa49dc6310) Importer(815301076,1909f56bfc062723c751e8b465ee728b)  -> (artifact id: '9a93b99da0ceff9bb6e1515f065fd3c1') in 0.204821 seconds 
  Import took 0.261745 seconds .

========================================================================
Received Import Request.
  Time since last request: 0.000525 seconds.
  path: Assets/場景素材/Tiles/Tile (12).png
  artifactKey: Guid(450edc0dec7f37f4e8fa8b312348893b) Importer(815301076,1909f56bfc062723c751e8b465ee728b)
Start importing Assets/場景素材/Tiles/Tile (12).png using Guid(450edc0dec7f37f4e8fa8b312348893b) Importer(815301076,1909f56bfc062723c751e8b465ee728b)  -> (artifact id: 'e8dd5ddb3e3594268bc68d04118c36b6') in 0.291864 seconds 
  Import took 0.337402 seconds .

========================================================================
Received Import Request.
  Time since last request: 7630.076817 seconds.
  path: Assets/New Project.png
  artifactKey: Guid(659019750cb64b4429ee631317421b05) Importer(815301076,1909f56bfc062723c751e8b465ee728b)
Start importing Assets/New Project.png using Guid(659019750cb64b4429ee631317421b05) Importer(815301076,1909f56bfc062723c751e8b465ee728b)  -> (artifact id: '1b240d79384d4cd30d1a1251ca4b374d') in 10.787932 seconds 
  Import took 15.655219 seconds .

========================================================================
Received Import Request.
  Time since last request: 19.119426 seconds.
  path: Assets/雨水.png
  artifactKey: Guid(659019750cb64b4429ee631317421b05) Importer(815301076,1909f56bfc062723c751e8b465ee728b)
Start importing Assets/雨水.png using Guid(659019750cb64b4429ee631317421b05) Importer(815301076,1909f56bfc062723c751e8b465ee728b)  -> (artifact id: '404a998644fd312fb53760ee1a39b00a') in 0.158822 seconds 
  Import took 0.215309 seconds .

========================================================================
Received Import Request.
  Time since last request: 67.538605 seconds.
  path: Assets/雨水.mat
  artifactKey: Guid(7c42f37d7e313cb4787be22587fc98c6) Importer(815301076,1909f56bfc062723c751e8b465ee728b)
Start importing Assets/雨水.mat using Guid(7c42f37d7e313cb4787be22587fc98c6) Importer(815301076,1909f56bfc062723c751e8b465ee728b)  -> (artifact id: '8b6db8eea192064fee5ee07e736f0399') in 19.078362 seconds 
  Import took 19.429191 seconds .

========================================================================
Received Import Request.
  Time since last request: 976.051451 seconds.
  path: Assets/雨水.mat
  artifactKey: Guid(7c42f37d7e313cb4787be22587fc98c6) Importer(815301076,1909f56bfc062723c751e8b465ee728b)
Start importing Assets/雨水.mat using Guid(7c42f37d7e313cb4787be22587fc98c6) Importer(815301076,1909f56bfc062723c751e8b465ee728b)  -> (artifact id: '14746092bacfe20f530b59be83facddf') in 3.184936 seconds 
  Import took 3.300508 seconds .

========================================================================
Received Prepare
Registering precompiled user dll's ...
Registered in 2.424447 seconds.
Begin MonoManager ReloadAssembly
Native extension for WindowsStandalone target not found
Refreshing native plugins compatible for Editor in 1.30 ms, found 3 plugins.
Preloading 0 native plugins for Editor in 0.00 ms.
Mono: successfully reloaded assembly
- Completed reload, in 84.202 seconds
Domain Reload Profiling:
	ReloadAssembly (87137ms)
		BeginReloadAssembly (54839ms)
			ExecutionOrderSort (0ms)
			DisableScriptedObjects (12041ms)
			BackupInstance (0ms)
			ReleaseScriptingObjects (19ms)
			CreateAndSetChildDomain (31408ms)
		EndReloadAssembly (28541ms)
			LoadAssemblies (5730ms)
			RebuildTransferFunctionScriptingTraits (13ms)
			SetupTypeCache (6532ms)
			ReleaseScriptCaches (42ms)
			RebuildScriptCaches (2691ms)
			SetupLoadedEditorAssemblies (9047ms)
				LogAssemblyErrors (0ms)
				InitializePlatformSupportModulesInManaged (206ms)
				SetLoadedEditorAssemblies (66ms)
				RefreshPlugins (1ms)
				BeforeProcessingInitializeOnLoad (2726ms)
				ProcessInitializeOnLoadAttributes (4564ms)
				ProcessInitializeOnLoadMethodAttributes (243ms)
				AfterProcessingInitializeOnLoad (1216ms)
				EditorAssembliesLoaded (24ms)
			ExecutionOrderSort2 (0ms)
			AwakeInstancesAfterBackupRestoration (257ms)
Platform modules already initialized, skipping
Refreshing native plugins compatible for Editor in 1.80 ms, found 3 plugins.
Preloading 0 native plugins for Editor in 0.00 ms.
Unloading 2183 Unused Serialized files (Serialized files now loaded: 0)
System memory in use before: 98.7 MB.
System memory in use after: 98.8 MB.

Unloading 17 unused Assets to reduce memory usage. Loaded Objects now: 2672.
Total: 29.283500 ms (FindLiveObjects: 0.796900 ms CreateObjectMapping: 0.352500 ms MarkObjects: 27.880900 ms  DeleteObjects: 0.248500 ms)

AssetImportParameters requested are different than current active one (requested -> active):
  custom:framework-win-MediaFoundation: 216162199b28c13a410421893ffa2e32 -> 
  custom:video-decoder-ogg-theora: a1e56fd34408186e4bbccfd4996cb3dc -> 
  custom:container-muxer-webm: aa71ff27fc2769a1b78a27578f13a17b -> 
  custom:container-demuxer-webm: 4f35f7cbe854078d1ac9338744f61a02 -> 
  custom:container-demuxer-ogg: 62fdf1f143b41e24485cea50d1cbac27 -> 
  custom:video-encoder-webm-vp8: eb34c28f22e8b96e1ab97ce403110664 -> 
  custom:video-decoder-webm-vp8: 9c59270c3fd7afecdb556c50c9e8de78 -> 
  custom:audio-decoder-ogg-vorbis: bf7c407c2cedff20999df2af8eb42d56 -> 
  custom:audio-encoder-webm-vorbis: bf7c407c2cedff20999df2af8eb42d56 -> 
